c:\users\alumno\desktop\ps4\toolkit\shader_common\pixbg_p.sb
c:\users\alumno\desktop\ps4\toolkit\shader_common\vexbg_vv.sb
c:\users\alumno\desktop\ps4\toolkit\copytexture2d_p.h
c:\users\alumno\desktop\ps4\ps4_project\obj\debug_orbis__toolkit\copytexture2d_p.sb
c:\users\alumno\desktop\ps4\toolkit\cs_clearbuffer_c.h
c:\users\alumno\desktop\ps4\ps4_project\obj\debug_orbis__toolkit\cs_clearbuffer_c.sb
c:\users\alumno\desktop\ps4\toolkit\cs_cleartexture1d_c.h
c:\users\alumno\desktop\ps4\ps4_project\obj\debug_orbis__toolkit\cs_cleartexture1d_c.sb
c:\users\alumno\desktop\ps4\toolkit\cs_cleartexture2d_c.h
c:\users\alumno\desktop\ps4\ps4_project\obj\debug_orbis__toolkit\cs_cleartexture2d_c.sb
c:\users\alumno\desktop\ps4\toolkit\cs_cleartexture3d_c.h
c:\users\alumno\desktop\ps4\ps4_project\obj\debug_orbis__toolkit\cs_cleartexture3d_c.sb
c:\users\alumno\desktop\ps4\toolkit\cs_copybuffer_c.h
c:\users\alumno\desktop\ps4\ps4_project\obj\debug_orbis__toolkit\cs_copybuffer_c.sb
c:\users\alumno\desktop\ps4\toolkit\cs_copyrawtexture1d_c.h
c:\users\alumno\desktop\ps4\ps4_project\obj\debug_orbis__toolkit\cs_copyrawtexture1d_c.sb
c:\users\alumno\desktop\ps4\toolkit\cs_copyrawtexture2d_c.h
c:\users\alumno\desktop\ps4\ps4_project\obj\debug_orbis__toolkit\cs_copyrawtexture2d_c.sb
c:\users\alumno\desktop\ps4\toolkit\cs_copyrawtexture3d_c.h
c:\users\alumno\desktop\ps4\ps4_project\obj\debug_orbis__toolkit\cs_copyrawtexture3d_c.sb
c:\users\alumno\desktop\ps4\toolkit\cs_copytexture1d_c.h
c:\users\alumno\desktop\ps4\ps4_project\obj\debug_orbis__toolkit\cs_copytexture1d_c.sb
c:\users\alumno\desktop\ps4\toolkit\cs_copytexture2d_c.h
c:\users\alumno\desktop\ps4\ps4_project\obj\debug_orbis__toolkit\cs_copytexture2d_c.sb
c:\users\alumno\desktop\ps4\toolkit\cs_copytexture3d_c.h
c:\users\alumno\desktop\ps4\ps4_project\obj\debug_orbis__toolkit\cs_copytexture3d_c.sb
c:\users\alumno\desktop\ps4\toolkit\cs_set_uint_c.h
c:\users\alumno\desktop\ps4\ps4_project\obj\debug_orbis__toolkit\cs_set_uint_c.sb
c:\users\alumno\desktop\ps4\toolkit\cs_set_uint_fast_c.h
c:\users\alumno\desktop\ps4\ps4_project\obj\debug_orbis__toolkit\cs_set_uint_fast_c.sb
c:\users\alumno\desktop\ps4\toolkit\cs_test_buffer_read_c.h
c:\users\alumno\desktop\ps4\ps4_project\obj\debug_orbis__toolkit\cs_test_buffer_read_c.sb
c:\users\alumno\desktop\ps4\toolkit\cs_test_texture_read_c.h
c:\users\alumno\desktop\ps4\ps4_project\obj\debug_orbis__toolkit\cs_test_texture_read_c.sb
c:\users\alumno\desktop\ps4\toolkit\pix_clear_p.h
c:\users\alumno\desktop\ps4\ps4_project\obj\debug_orbis__toolkit\pix_clear_p.sb
c:\users\alumno\desktop\ps4\toolkit\pix_generatemipmaps_3d_p.h
c:\users\alumno\desktop\ps4\ps4_project\obj\debug_orbis__toolkit\pix_generatemipmaps_3d_p.sb
c:\users\alumno\desktop\ps4\toolkit\pix_generatemipmaps_2d_p.h
c:\users\alumno\desktop\ps4\ps4_project\obj\debug_orbis__toolkit\pix_generatemipmaps_2d_p.sb
c:\users\alumno\desktop\ps4\toolkit\vex_clear_vv.h
c:\users\alumno\desktop\ps4\ps4_project\obj\debug_orbis__toolkit\vex_clear_vv.sb
c:\users\alumno\desktop\ps4\ps4_project\obj\debug_orbis__toolkit\allocators.o
c:\users\alumno\desktop\ps4\ps4_project\obj\debug_orbis__toolkit\dataformat_interpreter.o
c:\users\alumno\desktop\ps4\ps4_project\obj\debug_orbis__toolkit\dataformat_tests.o
c:\users\alumno\desktop\ps4\ps4_project\obj\debug_orbis__toolkit\deallocator.o
c:\users\alumno\desktop\ps4\ps4_project\obj\debug_orbis__toolkit\embedded_shader.o
c:\users\alumno\desktop\ps4\ps4_project\obj\debug_orbis__toolkit\floating_point.o
c:\users\alumno\desktop\ps4\ps4_project\obj\debug_orbis__toolkit\half.o
c:\users\alumno\desktop\ps4\ps4_project\obj\debug_orbis__toolkit\region_allocator.o
c:\users\alumno\desktop\ps4\ps4_project\obj\debug_orbis__toolkit\shader_loader.o
c:\users\alumno\desktop\ps4\ps4_project\obj\debug_orbis__toolkit\stack_allocator.o
c:\users\alumno\desktop\ps4\ps4_project\obj\debug_orbis__toolkit\toolkit.o
c:\users\alumno\desktop\ps4\toolkit\toolkit_debug.a
c:\users\alumno\desktop\ps4\ps4_project\obj\debug_orbis__toolkit\copytexture2d_p_86c4b9d800000000.sdb
c:\users\alumno\desktop\ps4\ps4_project\obj\debug_orbis__toolkit\cs_clearbuffer_c_bae50eed00000000.sdb
c:\users\alumno\desktop\ps4\ps4_project\obj\debug_orbis__toolkit\cs_cleartexture1d_c_a0742c7600000000.sdb
c:\users\alumno\desktop\ps4\ps4_project\obj\debug_orbis__toolkit\cs_cleartexture2d_c_f469f69700000000.sdb
c:\users\alumno\desktop\ps4\ps4_project\obj\debug_orbis__toolkit\cs_cleartexture3d_c_524408ff00000000.sdb
c:\users\alumno\desktop\ps4\ps4_project\obj\debug_orbis__toolkit\cs_copybuffer_c_6d59d73300000000.sdb
c:\users\alumno\desktop\ps4\ps4_project\obj\debug_orbis__toolkit\cs_copyrawtexture1d_c_ad08861400000000.sdb
c:\users\alumno\desktop\ps4\ps4_project\obj\debug_orbis__toolkit\cs_copyrawtexture2d_c_4b10bda000000000.sdb
c:\users\alumno\desktop\ps4\ps4_project\obj\debug_orbis__toolkit\cs_copyrawtexture3d_c_403b154800000000.sdb
c:\users\alumno\desktop\ps4\ps4_project\obj\debug_orbis__toolkit\cs_copytexture1d_c_ad08861400000000.sdb
c:\users\alumno\desktop\ps4\ps4_project\obj\debug_orbis__toolkit\cs_copytexture2d_c_4b10bda000000000.sdb
c:\users\alumno\desktop\ps4\ps4_project\obj\debug_orbis__toolkit\cs_copytexture3d_c_403b154800000000.sdb
c:\users\alumno\desktop\ps4\ps4_project\obj\debug_orbis__toolkit\cs_set_uint_c_3d5c970900000000.sdb
c:\users\alumno\desktop\ps4\ps4_project\obj\debug_orbis__toolkit\cs_set_uint_fast_c_9dcf90d000000000.sdb
c:\users\alumno\desktop\ps4\ps4_project\obj\debug_orbis__toolkit\cs_test_buffer_read_c_d4fe85c500000000.sdb
c:\users\alumno\desktop\ps4\ps4_project\obj\debug_orbis__toolkit\cs_test_texture_read_c_d84c235500000000.sdb
c:\users\alumno\desktop\ps4\ps4_project\obj\debug_orbis__toolkit\pixbg_p_c2a6744100000000.sdb
c:\users\alumno\desktop\ps4\ps4_project\obj\debug_orbis__toolkit\pix_clear_p_508f458200000000.sdb
c:\users\alumno\desktop\ps4\ps4_project\obj\debug_orbis__toolkit\pix_generatemipmaps_2d_p_1cab6f8500000000.sdb
c:\users\alumno\desktop\ps4\ps4_project\obj\debug_orbis__toolkit\pix_generatemipmaps_3d_p_48d0d46600000000.sdb
c:\users\alumno\desktop\ps4\ps4_project\obj\debug_orbis__toolkit\vexbg_vv_0a72011900000000.sdb
c:\users\alumno\desktop\ps4\ps4_project\obj\debug_orbis__toolkit\vex_clear_vv_7beef78d00000000.sdb
c:\users\alumno\desktop\ps4\ps4_project\obj\debug_orbis__toolkit\_toolkit.read.1.tlog
c:\users\alumno\desktop\ps4\ps4_project\obj\debug_orbis__toolkit\_toolkit.write.1.tlog
c:\users\alumno\desktop\ps4\ps4_project\obj\debug_orbis__toolkit\_toolkit.tlog\orbis-clang-cl.command.1.tlog
c:\users\alumno\desktop\ps4\ps4_project\obj\debug_orbis__toolkit\_toolkit.tlog\orbis-clang-cl.read.1.tlog
c:\users\alumno\desktop\ps4\ps4_project\obj\debug_orbis__toolkit\_toolkit.tlog\orbis-clang-cl.write.1.tlog
c:\users\alumno\desktop\ps4\ps4_project\obj\debug_orbis__toolkit\_toolkit.tlog\orbis-snarl.command.1.tlog
c:\users\alumno\desktop\ps4\ps4_project\obj\debug_orbis__toolkit\_toolkit.tlog\orbis-snarl.read.1.tlog
c:\users\alumno\desktop\ps4\ps4_project\obj\debug_orbis__toolkit\_toolkit.tlog\orbis-snarl.write.1.tlog
